TN:
SF:server.js
FN:1,Object.<anonymous>
FN:17,connectPostgres
FN:43,connectMongoDB
FNF:3
FNH:3
FNDA:2,Object.<anonymous>
FNDA:2,connectPostgres
FNDA:2,connectMongoDB
DA:1,2
DA:2,2
DA:3,2
DA:4,2
DA:5,2
DA:6,2
DA:7,2
DA:8,2
DA:9,2
DA:10,2
DA:11,2
DA:12,2
DA:13,2
DA:14,2
DA:15,2
DA:16,2
DA:17,2
DA:18,2
DA:19,2
DA:20,0
DA:21,0
DA:22,0
DA:23,0
DA:24,0
DA:25,2
DA:26,2
DA:27,2
DA:28,2
DA:29,2
DA:30,2
DA:31,2
DA:32,2
DA:33,2
DA:34,2
DA:35,2
DA:36,2
DA:37,2
DA:38,2
DA:39,2
DA:40,2
DA:41,2
DA:42,2
DA:43,2
DA:44,2
DA:45,2
DA:46,0
DA:47,0
DA:48,0
DA:49,0
DA:50,0
DA:51,0
DA:52,2
DA:53,2
DA:54,2
DA:55,2
DA:56,2
DA:57,2
DA:58,2
DA:59,2
DA:60,0
DA:61,0
DA:62,0
DA:63,0
DA:64,0
DA:65,0
DA:66,0
DA:67,0
DA:68,0
DA:69,0
DA:70,0
DA:71,0
DA:72,2
DA:73,2
DA:74,2
DA:75,2
DA:76,0
DA:77,0
DA:78,0
DA:79,0
DA:80,0
DA:81,0
DA:82,0
DA:83,0
DA:84,2
DA:85,2
DA:86,2
DA:87,2
DA:88,0
DA:89,2
LF:89
LH:57
BRDA:1,0,0,2
BRDA:1,1,0,2
BRDA:14,2,0,0
BRDA:29,3,0,0
BRDA:17,4,0,2
BRDA:20,5,0,0
BRDA:43,6,0,2
BRDA:46,7,0,0
BRF:8
BRH:4
end_of_record
TN:
SF:server\tests\middleware\authMiddleware.js
FN:1,Object.<anonymous>
FN:4,authMiddleware
FNF:2
FNH:2
FNDA:1,Object.<anonymous>
FNDA:6,authMiddleware
DA:1,1
DA:2,1
DA:3,1
DA:4,1
DA:5,6
DA:6,6
DA:7,6
DA:8,1
DA:9,1
DA:10,5
DA:11,5
DA:12,5
DA:13,5
DA:14,5
DA:15,5
DA:16,5
DA:17,5
DA:18,5
DA:19,5
DA:20,6
DA:21,4
DA:22,0
DA:23,4
DA:24,2
DA:25,2
DA:26,1
DA:27,1
DA:28,1
DA:29,1
DA:30,1
DA:31,4
DA:32,1
DA:33,1
DA:34,1
LF:34
LH:33
BRDA:1,0,0,1
BRDA:1,1,0,1
BRDA:4,2,0,6
BRDA:5,3,0,5
BRDA:7,4,0,1
BRDA:10,5,0,5
BRDA:20,6,0,4
BRDA:21,7,0,0
BRDA:23,8,0,2
BRDA:25,9,0,1
BRF:10
BRH:9
end_of_record
